INFO:livereload:Serving on http://127.0.0.1:5500
INFO:livereload:Watch current working directory
INFO:livereload:Start watching changes
INFO:livereload:Start detecting changes
INFO:tornado.access:200 GET / (127.0.0.1) 123.57ms
INFO:tornado.access:304 GET /livereload.js (127.0.0.1) 1.50ms
INFO:livereload:Browser Connected: http://localhost:5500/
INFO:tornado.access:200 GET /new (127.0.0.1) 74.55ms
INFO:tornado.access:304 GET /livereload.js (127.0.0.1) 1.00ms
INFO:livereload:Browser Connected: http://localhost:5500/new
INFO:tornado.access:302 POST /new (127.0.0.1) 195.46ms
INFO:tornado.access:200 GET / (127.0.0.1) 8.51ms
INFO:tornado.access:304 GET /livereload.js (127.0.0.1) 2.50ms
INFO:livereload:Browser Connected: http://localhost:5500/
INFO:livereload:Shutting down...
INFO:werkzeug: * Running on http://127.0.0.1:5000/ (Press CTRL+C to quit)
INFO:werkzeug: * Restarting with stat
WARNING:werkzeug: * Debugger is active!
INFO:werkzeug: * Debugger pin code: 184-366-205
INFO:werkzeug: * Running on http://127.0.0.1:5000/ (Press CTRL+C to quit)
INFO:werkzeug: * Restarting with stat
WARNING:werkzeug: * Debugger is active!
INFO:werkzeug: * Debugger pin code: 184-366-205
INFO:werkzeug: * Running on http://127.0.0.1:5000/ (Press CTRL+C to quit)
INFO:werkzeug: * Restarting with stat
WARNING:werkzeug: * Debugger is active!
INFO:werkzeug: * Debugger pin code: 184-366-205
INFO:werkzeug: * Running on http://127.0.0.1:5000/ (Press CTRL+C to quit)
INFO:werkzeug: * Restarting with stat
WARNING:werkzeug: * Debugger is active!
INFO:werkzeug: * Debugger pin code: 184-366-205
new data inserted.
2017-03-21 22:00:49,350 DEBUG: new data inserted. [in appFlask.py:59]
2017-03-21 22:02:29,184 DEBUG: new data inserted. [in appFlask.py:59]
2017-03-21 22:02:36,093 DEBUG: new data inserted. [in appFlask.py:59]
2017-03-21 22:02:42,958 DEBUG: new data inserted. [in appFlask.py:59]
2017-03-25 12:20:17,119 DEBUG: new data inserted. [in C:\Users\nishi\Documents\PythonScripts\myFlask\app\main\views.py:23]
2017-03-25 12:22:16,303 DEBUG: new data inserted. [in C:\Users\nishi\Documents\PythonScripts\myFlask\app\main\views.py:23]
2017-03-26 23:29:18,522 DEBUG: new data inserted. [in C:\Users\nishi\Documents\PythonScripts\myFlask\app\main\views.py:23]
2017-03-26 23:31:40,388 DEBUG: new data inserted. [in C:\Users\nishi\Documents\PythonScripts\myFlask\app\main\views.py:23]
2017-03-27 06:30:01,109 DEBUG: new data inserted. [in C:\Users\nishi\Documents\PythonScripts\myFlask\app\main\views.py:23]
2017-03-27 06:32:27,290 DEBUG: new data inserted. [in C:\Users\nishi\Documents\PythonScripts\myFlask\app\main\views.py:23]
2017-03-27 06:32:35,423 DEBUG: new data inserted. [in C:\Users\nishi\Documents\PythonScripts\myFlask\app\main\views.py:23]
2017-03-27 06:35:09,238 DEBUG: new data inserted. [in C:\Users\nishi\Documents\PythonScripts\myFlask\app\main\views.py:23]
2017-03-27 06:35:38,219 DEBUG: new data inserted. [in C:\Users\nishi\Documents\PythonScripts\myFlask\app\main\views.py:23]
2017-03-27 06:36:21,300 DEBUG: new data inserted. [in C:\Users\nishi\Documents\PythonScripts\myFlask\app\main\views.py:23]
2017-03-27 20:58:20,939 DEBUG: new data inserted. [in C:\Users\nishi\Documents\PythonScripts\myFlask\app\main\views.py:23]
2017-03-28 00:49:45,115 DEBUG: new data inserted. [in C:\Users\nishi\Documents\PythonScripts\myFlask\app\main\views.py:23]
2017-03-28 00:50:53,415 DEBUG: new data inserted. [in C:\Users\nishi\Documents\PythonScripts\myFlask\app\main\views.py:23]
2017-03-29 20:34:40,101 DEBUG: new data inserted. [in C:\Users\nishi\Documents\PythonScripts\myFlask\app\main\views.py:26]
2017-04-01 00:58:23,866 DEBUG: new data inserted. [in C:\Users\nishi\Documents\PythonScripts\sample_flask\app\main\views.py:26]
2017-04-01 11:57:23,316 DEBUG: new data inserted. [in C:\Users\nishi\Documents\PythonScripts\myFlask\app\main\views.py:26]
2017-04-01 13:03:28,784 DEBUG: new data inserted. [in C:\Users\nishi\Documents\PythonScripts\myFlask\app\main\views.py:21]
2017-04-01 13:07:26,008 DEBUG: new data inserted. [in C:\Users\nishi\Documents\PythonScripts\myFlask\app\main\views.py:21]
2017-04-01 13:23:05,602 DEBUG: new data inserted. [in C:\Users\nishi\Documents\PythonScripts\myFlask\app\main\views.py:21]
2017-04-01 13:32:37,414 DEBUG: new data inserted. [in C:\Users\nishi\Documents\PythonScripts\myFlask\app\main\views.py:21]
2017-04-01 13:34:21,124 DEBUG: new data inserted. [in C:\Users\nishi\Documents\PythonScripts\myFlask\app\main\views.py:21]
2017-04-01 19:09:05,796 DEBUG: new data inserted. [in C:\Users\nishi\Documents\PythonScripts\myFlask\app\main\views.py:21]
2017-04-02 22:20:18,350 DEBUG: new data inserted. [in C:\Users\nishi\Documents\PythonScripts\myFlask\app\main\views.py:21]
2017-04-02 22:37:00,245 DEBUG: new data inserted. [in C:\Users\nishi\Documents\PythonScripts\myFlask\app\main\views.py:21]
2017-04-02 22:37:15,251 DEBUG: new data inserted. [in C:\Users\nishi\Documents\PythonScripts\myFlask\app\main\views.py:21]
2017-04-02 22:37:22,642 DEBUG: new data inserted. [in C:\Users\nishi\Documents\PythonScripts\myFlask\app\main\views.py:21]
2017-04-02 22:47:12,081 DEBUG: new data inserted. [in C:\Users\nishi\Documents\PythonScripts\myFlask\app\main\views.py:21]
2017-04-02 22:49:37,312 DEBUG: new data inserted. [in C:\Users\nishi\Documents\PythonScripts\myFlask\app\main\views.py:21]
2017-04-02 22:49:55,827 DEBUG: new data inserted. [in C:\Users\nishi\Documents\PythonScripts\myFlask\app\main\views.py:21]
2017-04-02 22:50:55,549 DEBUG: new data inserted. [in C:\Users\nishi\Documents\PythonScripts\myFlask\app\main\views.py:21]
2017-04-02 23:07:56,302 DEBUG: new data inserted. [in C:\Users\nishi\Documents\PythonScripts\myFlask\app\main\views.py:21]
2017-04-03 08:06:20,608 DEBUG: new data inserted. [in C:\Users\nishi\Documents\PythonScripts\myFlask\app\main\views.py:21]
2017-04-03 08:41:17,157 DEBUG: new data inserted. [in C:\Users\nishi\Documents\PythonScripts\myFlask\app\main\views.py:21]
2017-04-03 09:07:13,101 DEBUG: new data inserted. [in C:\Users\nishi\Documents\PythonScripts\myFlask\app\main\views.py:21]
2017-04-03 10:31:40,057 DEBUG: new data inserted. [in C:\Users\nishi\Documents\PythonScripts\myFlask\app\main\views.py:21]
2017-04-03 11:25:19,515 DEBUG: new data inserted. [in C:\Users\nishi\Documents\PythonScripts\myFlask\app\main\views.py:21]
2017-04-16 10:54:23,953 DEBUG: new data inserted. [in C:\Users\nishi\Documents\PythonScripts\myFlask\app\main\views.py:21]
2017-04-16 11:10:56,360 DEBUG: new data inserted. [in C:\Users\nishi\Documents\PythonScripts\myFlask\app\main\views.py:21]
2017-04-16 11:12:47,237 DEBUG: new data inserted. [in C:\Users\nishi\Documents\PythonScripts\myFlask\app\main\views.py:21]
2017-04-17 12:50:12,531 DEBUG: new data inserted. [in C:\Users\sf221487\Documents\GitHub\sample_flask\app\main\views.py:21]
2017-04-17 12:56:12,286 DEBUG: new data inserted. [in C:\Users\sf221487\Documents\GitHub\sample_flask\app\main\views.py:21]
2017-04-19 05:57:32,800 DEBUG: new data inserted. [in /home/nishi/python_dcos/for_flask/sample_flask/app/main/views.py:21]
2017-04-22 09:51:04,434 DEBUG: new data inserted. [in /home/nishi/python_dcos/for_flask/sample_flask/app/main/views.py:21]
2017-04-22 09:51:12,091 DEBUG: new data inserted. [in /home/nishi/python_dcos/for_flask/sample_flask/app/main/views.py:21]
2017-04-22 10:21:51,787 DEBUG: new data inserted. [in /home/nishi/python_dcos/for_flask/sample_flask/app/main/views.py:21]
2017-04-22 10:26:37,764 DEBUG: new data inserted. [in /home/nishi/python_dcos/for_flask/sample_flask/app/main/views.py:21]
2017-04-23 08:37:46,518 DEBUG: new data inserted. [in /home/nishi/python_dcos/for_flask/sample_flask/app/main/views.py:21]
2017-04-26 20:35:40,216 DEBUG: new data inserted. [in /home/nishi/python_dcos/for_flask/sample_flask/app/main/views.py:21]
2017-04-26 21:54:35,362 DEBUG: new data inserted. [in C:\Users\nishi\Documents\PythonScripts\sample_flask\app\main\views.py:21]
2017-04-26 22:08:15,794 DEBUG: new data inserted. [in C:\Users\nishi\Documents\PythonScripts\sample_flask\app\main\views.py:21]
2017-05-16 20:36:32,172 DEBUG: new data inserted. [in C:\Users\nishi\Documents\PythonScripts\sample_flask\app\main\views.py:21]
2017-05-16 20:39:57,418 DEBUG: new data inserted. [in C:\Users\nishi\Documents\PythonScripts\sample_flask\app\main\views.py:21]
2017-05-17 22:13:26,504 DEBUG: new data inserted. [in C:\Users\nishi\Documents\PythonScripts\sample_flask\app\main\views.py:21]
2017-05-17 22:59:47,232 DEBUG: new data inserted. [in C:\Users\nishi\Documents\PythonScripts\sample_flask\app\main\views.py:21]
2017-05-21 16:12:02,070 DEBUG: new data inserted. [in C:\Users\nishi\Documents\PythonScripts\sample_flask\app\main\views.py:21]
2017-05-21 16:45:25,940 DEBUG: new data inserted. [in C:\Users\nishi\Documents\PythonScripts\sample_flask\app\main\views.py:21]
